<?xml version="1.0" encoding="UTF-8"?>
<coverage generated="1721208411867" clover="3.2.0">
  <project timestamp="1721208411867" name="All files">
    <metrics statements="117" coveredstatements="115" conditionals="41" coveredconditionals="39" methods="25" coveredmethods="25" elements="183" coveredelements="179" complexity="0" loc="117" ncloc="117" packages="4" files="15" classes="15"/>
    <package name="src">
      <metrics statements="13" coveredstatements="12" conditionals="17" coveredconditionals="15" methods="1" coveredmethods="1"/>
      <file name="index.ts" path="/Users/htb/Documents/Code/khmer-lorem/src/index.ts">
        <metrics statements="13" coveredstatements="12" conditionals="17" coveredconditionals="15" methods="1" coveredmethods="1"/>
        <line num="1" count="1" type="stmt"/>
        <line num="2" count="1" type="stmt"/>
        <line num="11" count="1" type="stmt"/>
        <line num="13" count="1" type="stmt"/>
        <line num="28" count="1" type="stmt"/>
        <line num="40" count="6" type="stmt"/>
        <line num="53" count="6" type="stmt"/>
        <line num="55" count="6" type="stmt"/>
        <line num="58" count="2" type="stmt"/>
        <line num="61" count="3" type="stmt"/>
        <line num="64" count="0" type="stmt"/>
        <line num="66" count="1" type="stmt"/>
        <line num="70" count="1" type="stmt"/>
      </file>
    </package>
    <package name="src.constants">
      <metrics statements="13" coveredstatements="13" conditionals="0" coveredconditionals="0" methods="0" coveredmethods="0"/>
      <file name="formats.ts" path="/Users/htb/Documents/Code/khmer-lorem/src/constants/formats.ts">
        <metrics statements="3" coveredstatements="3" conditionals="0" coveredconditionals="0" methods="0" coveredmethods="0"/>
        <line num="1" count="2" type="stmt"/>
        <line num="2" count="2" type="stmt"/>
        <line num="3" count="2" type="stmt"/>
      </file>
      <file name="lineEndings.ts" path="/Users/htb/Documents/Code/khmer-lorem/src/constants/lineEndings.ts">
        <metrics statements="1" coveredstatements="1" conditionals="0" coveredconditionals="0" methods="0" coveredmethods="0"/>
        <line num="1" count="2" type="stmt"/>
      </file>
      <file name="platforms.ts" path="/Users/htb/Documents/Code/khmer-lorem/src/constants/platforms.ts">
        <metrics statements="1" coveredstatements="1" conditionals="0" coveredconditionals="0" methods="0" coveredmethods="0"/>
        <line num="1" count="14" type="stmt"/>
      </file>
      <file name="units.ts" path="/Users/htb/Documents/Code/khmer-lorem/src/constants/units.ts">
        <metrics statements="7" coveredstatements="7" conditionals="0" coveredconditionals="0" methods="0" coveredmethods="0"/>
        <line num="1" count="1" type="stmt"/>
        <line num="2" count="1" type="stmt"/>
        <line num="3" count="1" type="stmt"/>
        <line num="4" count="1" type="stmt"/>
        <line num="5" count="1" type="stmt"/>
        <line num="6" count="1" type="stmt"/>
        <line num="7" count="1" type="stmt"/>
      </file>
      <file name="words.ts" path="/Users/htb/Documents/Code/khmer-lorem/src/constants/words.ts">
        <metrics statements="1" coveredstatements="1" conditionals="0" coveredconditionals="0" methods="0" coveredmethods="0"/>
        <line num="1" count="3" type="stmt"/>
      </file>
    </package>
    <package name="src.lib">
      <metrics statements="48" coveredstatements="48" conditionals="21" coveredconditionals="21" methods="16" coveredmethods="16"/>
      <file name="LoremIpsum.ts" path="/Users/htb/Documents/Code/khmer-lorem/src/lib/LoremIpsum.ts">
        <metrics statements="23" coveredstatements="23" conditionals="9" coveredconditionals="9" methods="8" coveredmethods="8"/>
        <line num="1" count="2" type="stmt"/>
        <line num="2" count="2" type="stmt"/>
        <line num="3" count="2" type="stmt"/>
        <line num="4" count="2" type="stmt"/>
        <line num="11" count="20" type="cond" truecount="1" falsecount="0"/>
        <line num="12" count="20" type="stmt"/>
        <line num="14" count="20" type="cond" truecount="1" falsecount="0"/>
        <line num="15" count="1" type="stmt"/>
        <line num="19" count="19" type="stmt"/>
        <line num="23" count="7" type="cond" truecount="1" falsecount="0"/>
        <line num="24" count="1" type="stmt"/>
        <line num="27" count="6" type="cond" truecount="4" falsecount="0"/>
        <line num="28" count="4" type="stmt"/>
        <line num="31" count="2" type="stmt"/>
        <line num="35" count="229" type="cond" truecount="1" falsecount="0"/>
        <line num="36" count="4" type="stmt"/>
        <line num="38" count="225" type="stmt"/>
        <line num="42" count="22" type="stmt"/>
        <line num="46" count="100" type="stmt"/>
        <line num="50" count="104" type="stmt"/>
        <line num="54" count="3" type="stmt"/>
        <line num="57" count="3" type="stmt"/>
        <line num="63" count="2" type="stmt"/>
      </file>
      <file name="generator.ts" path="/Users/htb/Documents/Code/khmer-lorem/src/lib/generator.ts">
        <metrics statements="25" coveredstatements="25" conditionals="12" coveredconditionals="12" methods="8" coveredmethods="8"/>
        <line num="1" count="3" type="stmt"/>
        <line num="2" count="3" type="stmt"/>
        <line num="38" count="37" type="cond" truecount="1" falsecount="0"/>
        <line num="39" count="1" type="stmt"/>
        <line num="46" count="36" type="cond" truecount="1" falsecount="0"/>
        <line num="47" count="1" type="stmt"/>
        <line num="54" count="35" type="stmt"/>
        <line num="55" count="35" type="stmt"/>
        <line num="56" count="35" type="stmt"/>
        <line num="57" count="35" type="cond" truecount="2" falsecount="0"/>
        <line num="61" count="38595" type="stmt"/>
        <line num="65" count="3633" type="stmt"/>
        <line num="66" count="3633" type="cond" truecount="2" falsecount="0"/>
        <line num="67" count="3633" type="stmt"/>
        <line num="69" count="34648" type="stmt"/>
        <line num="75" count="3433" type="stmt"/>
        <line num="79" count="218" type="stmt"/>
        <line num="80" count="218" type="cond" truecount="2" falsecount="0"/>
        <line num="81" count="218" type="stmt"/>
        <line num="83" count="3332" type="stmt"/>
        <line num="89" count="34648" type="stmt"/>
        <line num="90" count="34648" type="stmt"/>
        <line num="91" count="34648" type="stmt"/>
        <line num="92" count="34648" type="stmt"/>
        <line num="96" count="3" type="stmt"/>
      </file>
    </package>
    <package name="src.util">
      <metrics statements="43" coveredstatements="42" conditionals="3" coveredconditionals="3" methods="8" coveredmethods="8"/>
      <file name="capitalize.ts" path="/Users/htb/Documents/Code/khmer-lorem/src/util/capitalize.ts">
        <metrics statements="4" coveredstatements="4" conditionals="0" coveredconditionals="0" methods="1" coveredmethods="1"/>
        <line num="5" count="9" type="stmt"/>
        <line num="6" count="3437" type="stmt"/>
        <line num="7" count="3437" type="stmt"/>
        <line num="10" count="9" type="stmt"/>
      </file>
      <file name="index.ts" path="/Users/htb/Documents/Code/khmer-lorem/src/util/index.ts">
        <metrics statements="12" coveredstatements="12" conditionals="0" coveredconditionals="0" methods="0" coveredmethods="0"/>
        <line num="1" count="9" type="stmt"/>
        <line num="2" count="9" type="stmt"/>
        <line num="3" count="9" type="stmt"/>
        <line num="4" count="9" type="stmt"/>
        <line num="5" count="9" type="stmt"/>
        <line num="6" count="9" type="stmt"/>
        <line num="9" count="9" type="stmt"/>
        <line num="10" count="9" type="stmt"/>
        <line num="11" count="9" type="stmt"/>
        <line num="12" count="9" type="stmt"/>
        <line num="13" count="9" type="stmt"/>
        <line num="14" count="9" type="stmt"/>
      </file>
      <file name="isNode.ts" path="/Users/htb/Documents/Code/khmer-lorem/src/util/isNode.ts">
        <metrics statements="3" coveredstatements="3" conditionals="2" coveredconditionals="2" methods="1" coveredmethods="1"/>
        <line num="4" count="9" type="stmt"/>
        <line num="5" count="7" type="cond" truecount="2" falsecount="0"/>
        <line num="8" count="9" type="stmt"/>
      </file>
      <file name="isReactNative.ts" path="/Users/htb/Documents/Code/khmer-lorem/src/util/isReactNative.ts">
        <metrics statements="7" coveredstatements="7" conditionals="0" coveredconditionals="0" methods="1" coveredmethods="1"/>
        <line num="7" count="9" type="stmt"/>
        <line num="8" count="8" type="stmt"/>
        <line num="10" count="8" type="stmt"/>
        <line num="11" count="8" type="stmt"/>
        <line num="13" count="7" type="stmt"/>
        <line num="16" count="8" type="stmt"/>
        <line num="19" count="9" type="stmt"/>
      </file>
      <file name="isWindows.ts" path="/Users/htb/Documents/Code/khmer-lorem/src/util/isWindows.ts">
        <metrics statements="8" coveredstatements="7" conditionals="0" coveredconditionals="0" methods="1" coveredmethods="1"/>
        <line num="1" count="9" type="stmt"/>
        <line num="6" count="9" type="stmt"/>
        <line num="7" count="9" type="stmt"/>
        <line num="8" count="9" type="stmt"/>
        <line num="9" count="9" type="stmt"/>
        <line num="11" count="0" type="stmt"/>
        <line num="13" count="9" type="stmt"/>
        <line num="16" count="9" type="stmt"/>
      </file>
      <file name="makeArrayOfLength.ts" path="/Users/htb/Documents/Code/khmer-lorem/src/util/makeArrayOfLength.ts">
        <metrics statements="4" coveredstatements="4" conditionals="1" coveredconditionals="1" methods="2" coveredmethods="2"/>
        <line num="5" count="9" type="cond" truecount="1" falsecount="0"/>
        <line num="6" count="3862" type="stmt"/>
        <line num="7" count="38116" type="stmt"/>
        <line num="11" count="9" type="stmt"/>
      </file>
      <file name="makeArrayOfStrings.ts" path="/Users/htb/Documents/Code/khmer-lorem/src/util/makeArrayOfStrings.ts">
        <metrics statements="5" coveredstatements="5" conditionals="0" coveredconditionals="0" methods="2" coveredmethods="2"/>
        <line num="1" count="9" type="stmt"/>
        <line num="6" count="9" type="stmt"/>
        <line num="10" count="5" type="stmt"/>
        <line num="11" count="18" type="stmt"/>
        <line num="14" count="9" type="stmt"/>
      </file>
    </package>
  </project>
</coverage>
