{"/Users/htb/Documents/Code/khmer-lorem/src/index.ts": {"path":"/Users/htb/Documents/Code/khmer-lorem/src/index.ts","statementMap":{"0":{"start":{"line":1,"column":0},"end":{"line":1,"column":64}},"1":{"start":{"line":2,"column":0},"end":{"line":2,"column":null}},"2":{"start":{"line":11,"column":0},"end":{"line":11,"column":42}},"3":{"start":{"line":13,"column":0},"end":{"line":13,"column":7}},"4":{"start":{"line":70,"column":21},"end":{"line":13,"column":42}},"5":{"start":{"line":28,"column":19},"end":{"line":68,"column":1}},"6":{"start":{"line":40,"column":18},"end":{"line":51,"column":4}},"7":{"start":{"line":53,"column":28},"end":{"line":53,"column":67}},"8":{"start":{"line":55,"column":2},"end":{"line":67,"column":null}},"9":{"start":{"line":58,"column":6},"end":{"line":58,"column":45}},"10":{"start":{"line":61,"column":6},"end":{"line":61,"column":44}},"11":{"start":{"line":64,"column":6},"end":{"line":64,"column":40}},"12":{"start":{"line":66,"column":6},"end":{"line":66,"column":16}},"13":{"start":{"line":70,"column":9},"end":{"line":70,"column":19}}},"fnMap":{"0":{"name":"(anonymous_1)","decl":{"start":{"line":28,"column":19},"end":{"line":28,"column":20}},"loc":{"start":{"line":39,"column":37},"end":{"line":68,"column":1}}}},"branchMap":{"0":{"loc":{"start":{"line":39,"column":23},"end":{"line":39,"column":25}},"type":"default-arg","locations":[{"start":{"line":39,"column":23},"end":{"line":39,"column":25}}]},"1":{"loc":{"start":{"line":29,"column":10},"end":{"line":29,"column":11}},"type":"default-arg","locations":[{"start":{"line":29,"column":10},"end":{"line":29,"column":11}}]},"2":{"loc":{"start":{"line":30,"column":11},"end":{"line":30,"column":23}},"type":"default-arg","locations":[{"start":{"line":30,"column":11},"end":{"line":30,"column":23}}]},"3":{"loc":{"start":{"line":31,"column":24},"end":{"line":31,"column":25}},"type":"default-arg","locations":[{"start":{"line":31,"column":24},"end":{"line":31,"column":25}}]},"4":{"loc":{"start":{"line":32,"column":24},"end":{"line":32,"column":25}},"type":"default-arg","locations":[{"start":{"line":32,"column":24},"end":{"line":32,"column":25}}]},"5":{"loc":{"start":{"line":34,"column":23},"end":{"line":34,"column":24}},"type":"default-arg","locations":[{"start":{"line":34,"column":23},"end":{"line":34,"column":24}}]},"6":{"loc":{"start":{"line":35,"column":23},"end":{"line":35,"column":25}},"type":"default-arg","locations":[{"start":{"line":35,"column":23},"end":{"line":35,"column":25}}]},"7":{"loc":{"start":{"line":36,"column":10},"end":{"line":36,"column":24}},"type":"default-arg","locations":[{"start":{"line":36,"column":10},"end":{"line":36,"column":24}}]},"8":{"loc":{"start":{"line":37,"column":10},"end":{"line":37,"column":15}},"type":"default-arg","locations":[{"start":{"line":37,"column":10},"end":{"line":37,"column":15}}]},"9":{"loc":{"start":{"line":38,"column":11},"end":{"line":38,"column":13}},"type":"default-arg","locations":[{"start":{"line":38,"column":11},"end":{"line":38,"column":13}}]},"10":{"loc":{"start":{"line":56,"column":4},"end":{"line":56,"column":25}},"type":"switch","locations":[{"start":{"line":56,"column":4},"end":{"line":56,"column":25}},{"start":{"line":57,"column":4},"end":{"line":58,"column":45}},{"start":{"line":59,"column":4},"end":{"line":59,"column":24}},{"start":{"line":60,"column":4},"end":{"line":61,"column":44}},{"start":{"line":62,"column":4},"end":{"line":62,"column":20}},{"start":{"line":63,"column":4},"end":{"line":64,"column":40}},{"start":{"line":65,"column":4},"end":{"line":66,"column":16}}]}},"s":{"0":1,"1":1,"2":1,"3":1,"4":1,"5":1,"6":6,"7":6,"8":6,"9":2,"10":3,"11":0,"12":1,"13":1},"f":{"0":6},"b":{"0":[1],"1":[1],"2":[6],"3":[6],"4":[6],"5":[6],"6":[6],"7":[1],"8":[6],"9":[6],"10":[1,2,2,3,0,0,1]}}
,"/Users/htb/Documents/Code/khmer-lorem/src/constants/formats.ts": {"path":"/Users/htb/Documents/Code/khmer-lorem/src/constants/formats.ts","statementMap":{"0":{"start":{"line":1,"column":13},"end":{"line":1,"column":34}},"1":{"start":{"line":2,"column":13},"end":{"line":2,"column":36}},"2":{"start":{"line":3,"column":13},"end":{"line":3,"column":51}}},"fnMap":{},"branchMap":{},"s":{"0":2,"1":2,"2":2},"f":{},"b":{}}
,"/Users/htb/Documents/Code/khmer-lorem/src/constants/lineEndings.ts": {"path":"/Users/htb/Documents/Code/khmer-lorem/src/constants/lineEndings.ts","statementMap":{"0":{"start":{"line":1,"column":13},"end":{"line":4,"column":2}}},"fnMap":{},"branchMap":{},"s":{"0":2},"f":{},"b":{}}
,"/Users/htb/Documents/Code/khmer-lorem/src/constants/platforms.ts": {"path":"/Users/htb/Documents/Code/khmer-lorem/src/constants/platforms.ts","statementMap":{"0":{"start":{"line":1,"column":13},"end":{"line":5,"column":2}}},"fnMap":{},"branchMap":{},"s":{"0":14},"f":{},"b":{}}
,"/Users/htb/Documents/Code/khmer-lorem/src/constants/units.ts": {"path":"/Users/htb/Documents/Code/khmer-lorem/src/constants/units.ts","statementMap":{"0":{"start":{"line":1,"column":13},"end":{"line":1,"column":34}},"1":{"start":{"line":2,"column":13},"end":{"line":2,"column":32}},"2":{"start":{"line":3,"column":13},"end":{"line":3,"column":42}},"3":{"start":{"line":4,"column":13},"end":{"line":4,"column":40}},"4":{"start":{"line":5,"column":13},"end":{"line":5,"column":44}},"5":{"start":{"line":6,"column":13},"end":{"line":6,"column":42}},"6":{"start":{"line":7,"column":13},"end":{"line":14,"column":2}}},"fnMap":{},"branchMap":{},"s":{"0":1,"1":1,"2":1,"3":1,"4":1,"5":1,"6":1},"f":{},"b":{}}
,"/Users/htb/Documents/Code/khmer-lorem/src/constants/words.ts": {"path":"/Users/htb/Documents/Code/khmer-lorem/src/constants/words.ts","statementMap":{"0":{"start":{"line":1,"column":13},"end":{"line":447,"column":2}}},"fnMap":{},"branchMap":{},"s":{"0":3},"f":{},"b":{}}
,"/Users/htb/Documents/Code/khmer-lorem/src/lib/LoremIpsum.ts": {"path":"/Users/htb/Documents/Code/khmer-lorem/src/lib/LoremIpsum.ts","statementMap":{"0":{"start":{"line":1,"column":0},"end":{"line":1,"column":87}},"1":{"start":{"line":2,"column":0},"end":{"line":2,"column":56}},"2":{"start":{"line":3,"column":0},"end":{"line":3,"column":64}},"3":{"start":{"line":4,"column":0},"end":{"line":4,"column":79}},"4":{"start":{"line":11,"column":11},"end":{"line":11,"column":33}},"5":{"start":{"line":12,"column":11},"end":{"line":12,"column":26}},"6":{"start":{"line":14,"column":4},"end":{"line":18,"column":null}},"7":{"start":{"line":15,"column":6},"end":{"line":17,"column":8}},"8":{"start":{"line":19,"column":4},"end":{"line":19,"column":44}},"9":{"start":{"line":23,"column":4},"end":{"line":25,"column":null}},"10":{"start":{"line":24,"column":6},"end":{"line":24,"column":25}},"11":{"start":{"line":27,"column":4},"end":{"line":29,"column":null}},"12":{"start":{"line":28,"column":6},"end":{"line":28,"column":32}},"13":{"start":{"line":31,"column":4},"end":{"line":31,"column":30}},"14":{"start":{"line":35,"column":4},"end":{"line":37,"column":null}},"15":{"start":{"line":36,"column":6},"end":{"line":36,"column":29}},"16":{"start":{"line":38,"column":4},"end":{"line":38,"column":15}},"17":{"start":{"line":42,"column":4},"end":{"line":42,"column":56}},"18":{"start":{"line":42,"column":32},"end":{"line":42,"column":54}},"19":{"start":{"line":46,"column":4},"end":{"line":46,"column":70}},"20":{"start":{"line":50,"column":4},"end":{"line":50,"column":74}},"21":{"start":{"line":54,"column":23},"end":{"line":55,"column":null}},"22":{"start":{"line":57,"column":4},"end":{"line":59,"column":6}},"23":{"start":{"line":63,"column":0},"end":{"line":63,"column":26}}},"fnMap":{"0":{"name":"(anonymous_1)","decl":{"start":{"line":9,"column":2},"end":{"line":9,"column":null}},"loc":{"start":{"line":12,"column":26},"end":{"line":20,"column":3}}},"1":{"name":"(anonymous_2)","decl":{"start":{"line":22,"column":9},"end":{"line":22,"column":22}},"loc":{"start":{"line":22,"column":22},"end":{"line":32,"column":3}}},"2":{"name":"(anonymous_3)","decl":{"start":{"line":34,"column":9},"end":{"line":34,"column":21}},"loc":{"start":{"line":34,"column":33},"end":{"line":39,"column":3}}},"3":{"name":"(anonymous_4)","decl":{"start":{"line":41,"column":9},"end":{"line":41,"column":22}},"loc":{"start":{"line":41,"column":40},"end":{"line":43,"column":3}}},"4":{"name":"(anonymous_5)","decl":{"start":{"line":42,"column":23},"end":{"line":42,"column":24}},"loc":{"start":{"line":42,"column":32},"end":{"line":42,"column":54}}},"5":{"name":"(anonymous_6)","decl":{"start":{"line":45,"column":9},"end":{"line":45,"column":22}},"loc":{"start":{"line":45,"column":35},"end":{"line":47,"column":3}}},"6":{"name":"(anonymous_7)","decl":{"start":{"line":49,"column":9},"end":{"line":49,"column":26}},"loc":{"start":{"line":49,"column":39},"end":{"line":51,"column":3}}},"7":{"name":"(anonymous_8)","decl":{"start":{"line":53,"column":9},"end":{"line":53,"column":27}},"loc":{"start":{"line":53,"column":39},"end":{"line":60,"column":3}}}},"branchMap":{"0":{"loc":{"start":{"line":10,"column":33},"end":{"line":10,"column":35}},"type":"default-arg","locations":[{"start":{"line":10,"column":33},"end":{"line":10,"column":35}}]},"1":{"loc":{"start":{"line":11,"column":33},"end":{"line":11,"column":45}},"type":"default-arg","locations":[{"start":{"line":11,"column":33},"end":{"line":11,"column":45}}]},"2":{"loc":{"start":{"line":14,"column":4},"end":{"line":18,"column":null}},"type":"if","locations":[{"start":{"line":14,"column":4},"end":{"line":18,"column":null}}]},"3":{"loc":{"start":{"line":23,"column":4},"end":{"line":25,"column":null}},"type":"if","locations":[{"start":{"line":23,"column":4},"end":{"line":25,"column":null}}]},"4":{"loc":{"start":{"line":27,"column":4},"end":{"line":29,"column":null}},"type":"if","locations":[{"start":{"line":27,"column":4},"end":{"line":29,"column":null}}]},"5":{"loc":{"start":{"line":27,"column":8},"end":{"line":27,"column":24}},"type":"binary-expr","locations":[{"start":{"line":27,"column":8},"end":{"line":27,"column":24}},{"start":{"line":27,"column":28},"end":{"line":27,"column":36}},{"start":{"line":27,"column":40},"end":{"line":27,"column":51}}]},"6":{"loc":{"start":{"line":35,"column":4},"end":{"line":37,"column":null}},"type":"if","locations":[{"start":{"line":35,"column":4},"end":{"line":37,"column":null}}]}},"s":{"0":2,"1":2,"2":2,"3":2,"4":20,"5":20,"6":20,"7":1,"8":19,"9":7,"10":1,"11":6,"12":4,"13":2,"14":229,"15":4,"16":225,"17":6,"18":22,"19":100,"20":104,"21":3,"22":3,"23":2},"f":{"0":20,"1":7,"2":229,"3":6,"4":22,"5":100,"6":104,"7":3},"b":{"0":[6],"1":[8],"2":[1],"3":[1],"4":[4],"5":[6,6,6],"6":[4]}}
,"/Users/htb/Documents/Code/khmer-lorem/src/lib/generator.ts": {"path":"/Users/htb/Documents/Code/khmer-lorem/src/lib/generator.ts","statementMap":{"0":{"start":{"line":1,"column":0},"end":{"line":1,"column":43}},"1":{"start":{"line":2,"column":0},"end":{"line":2,"column":56}},"2":{"start":{"line":38,"column":4},"end":{"line":44,"column":null}},"3":{"start":{"line":39,"column":6},"end":{"line":43,"column":8}},"4":{"start":{"line":46,"column":4},"end":{"line":52,"column":null}},"5":{"start":{"line":47,"column":6},"end":{"line":51,"column":8}},"6":{"start":{"line":54,"column":4},"end":{"line":54,"column":55}},"7":{"start":{"line":55,"column":4},"end":{"line":55,"column":23}},"8":{"start":{"line":56,"column":4},"end":{"line":56,"column":45}},"9":{"start":{"line":57,"column":4},"end":{"line":57,"column":40}},"10":{"start":{"line":61,"column":4},"end":{"line":61,"column":61}},"11":{"start":{"line":65,"column":25},"end":{"line":65,"column":46}},"12":{"start":{"line":66,"column":19},"end":{"line":66,"column":62}},"13":{"start":{"line":67,"column":4},"end":{"line":71,"column":14}},"14":{"start":{"line":69,"column":8},"end":{"line":69,"column":58}},"15":{"start":{"line":75,"column":4},"end":{"line":75,"column":59}},"16":{"start":{"line":79,"column":25},"end":{"line":79,"column":51}},"17":{"start":{"line":80,"column":19},"end":{"line":80,"column":62}},"18":{"start":{"line":81,"column":4},"end":{"line":85,"column":14}},"19":{"start":{"line":83,"column":8},"end":{"line":83,"column":65}},"20":{"start":{"line":89,"column":16},"end":{"line":89,"column":17}},"21":{"start":{"line":90,"column":16},"end":{"line":90,"column":37}},"22":{"start":{"line":91,"column":18},"end":{"line":91,"column":54}},"23":{"start":{"line":92,"column":4},"end":{"line":92,"column":29}},"24":{"start":{"line":96,"column":0},"end":{"line":96,"column":25}}},"fnMap":{"0":{"name":"(anonymous_0)","decl":{"start":{"line":31,"column":2},"end":{"line":31,"column":14}},"loc":{"start":{"line":37,"column":27},"end":{"line":58,"column":3}}},"1":{"name":"(anonymous_1)","decl":{"start":{"line":60,"column":9},"end":{"line":60,"column":30}},"loc":{"start":{"line":60,"column":55},"end":{"line":62,"column":3}}},"2":{"name":"(anonymous_2)","decl":{"start":{"line":64,"column":9},"end":{"line":64,"column":28}},"loc":{"start":{"line":64,"column":41},"end":{"line":72,"column":3}}},"3":{"name":"(anonymous_3)","decl":{"start":{"line":68,"column":14},"end":{"line":68,"column":15}},"loc":{"start":{"line":68,"column":61},"end":{"line":70,"column":7}}},"4":{"name":"(anonymous_4)","decl":{"start":{"line":74,"column":9},"end":{"line":74,"column":31}},"loc":{"start":{"line":74,"column":44},"end":{"line":76,"column":3}}},"5":{"name":"(anonymous_5)","decl":{"start":{"line":78,"column":9},"end":{"line":78,"column":32}},"loc":{"start":{"line":78,"column":45},"end":{"line":86,"column":3}}},"6":{"name":"(anonymous_6)","decl":{"start":{"line":82,"column":14},"end":{"line":82,"column":15}},"loc":{"start":{"line":82,"column":61},"end":{"line":84,"column":7}}},"7":{"name":"(anonymous_7)","decl":{"start":{"line":88,"column":9},"end":{"line":88,"column":24}},"loc":{"start":{"line":88,"column":24},"end":{"line":93,"column":3}}}},"branchMap":{"0":{"loc":{"start":{"line":37,"column":25},"end":{"line":37,"column":27}},"type":"default-arg","locations":[{"start":{"line":37,"column":25},"end":{"line":37,"column":27}}]},"1":{"loc":{"start":{"line":32,"column":28},"end":{"line":32,"column":46}},"type":"default-arg","locations":[{"start":{"line":32,"column":28},"end":{"line":32,"column":46}}]},"2":{"loc":{"start":{"line":33,"column":23},"end":{"line":33,"column":42}},"type":"default-arg","locations":[{"start":{"line":33,"column":23},"end":{"line":33,"column":42}}]},"3":{"loc":{"start":{"line":36,"column":12},"end":{"line":36,"column":17}},"type":"default-arg","locations":[{"start":{"line":36,"column":12},"end":{"line":36,"column":17}}]},"4":{"loc":{"start":{"line":38,"column":4},"end":{"line":44,"column":null}},"type":"if","locations":[{"start":{"line":38,"column":4},"end":{"line":44,"column":null}}]},"5":{"loc":{"start":{"line":46,"column":4},"end":{"line":52,"column":null}},"type":"if","locations":[{"start":{"line":46,"column":4},"end":{"line":52,"column":null}}]},"6":{"loc":{"start":{"line":57,"column":18},"end":{"line":57,"column":24}},"type":"binary-expr","locations":[{"start":{"line":57,"column":18},"end":{"line":57,"column":24}},{"start":{"line":57,"column":28},"end":{"line":57,"column":39}}]},"7":{"loc":{"start":{"line":66,"column":19},"end":{"line":66,"column":22}},"type":"binary-expr","locations":[{"start":{"line":66,"column":19},"end":{"line":66,"column":22}},{"start":{"line":66,"column":26},"end":{"line":66,"column":62}}]},"8":{"loc":{"start":{"line":80,"column":19},"end":{"line":80,"column":22}},"type":"binary-expr","locations":[{"start":{"line":80,"column":19},"end":{"line":80,"column":22}},{"start":{"line":80,"column":26},"end":{"line":80,"column":62}}]}},"s":{"0":3,"1":3,"2":37,"3":1,"4":36,"5":1,"6":35,"7":35,"8":35,"9":35,"10":38595,"11":3633,"12":3633,"13":3633,"14":34648,"15":3433,"16":218,"17":218,"18":218,"19":3332,"20":34648,"21":34648,"22":34648,"23":34648,"24":3},"f":{"0":37,"1":38595,"2":3633,"3":34648,"4":3433,"5":218,"6":3332,"7":34648},"b":{"0":[12],"1":[28],"2":[27],"3":[31],"4":[1],"5":[1],"6":[35,34],"7":[3633,3633],"8":[218,213]}}
,"/Users/htb/Documents/Code/khmer-lorem/src/util/capitalize.ts": {"path":"/Users/htb/Documents/Code/khmer-lorem/src/util/capitalize.ts","statementMap":{"0":{"start":{"line":5,"column":19},"end":{"line":8,"column":1}},"1":{"start":{"line":6,"column":18},"end":{"line":6,"column":28}},"2":{"start":{"line":7,"column":2},"end":{"line":7,"column":60}},"3":{"start":{"line":10,"column":0},"end":{"line":10,"column":26}}},"fnMap":{"0":{"name":"(anonymous_0)","decl":{"start":{"line":5,"column":19},"end":{"line":5,"column":20}},"loc":{"start":{"line":5,"column":43},"end":{"line":8,"column":1}}}},"branchMap":{},"s":{"0":9,"1":3437,"2":3437,"3":9},"f":{"0":3437},"b":{}}
,"/Users/htb/Documents/Code/khmer-lorem/src/util/index.ts": {"path":"/Users/htb/Documents/Code/khmer-lorem/src/util/index.ts","statementMap":{"0":{"start":{"line":1,"column":0},"end":{"line":1,"column":7}},"1":{"start":{"line":9,"column":2},"end":{"line":1,"column":38}},"2":{"start":{"line":2,"column":0},"end":{"line":2,"column":7}},"3":{"start":{"line":10,"column":2},"end":{"line":2,"column":30}},"4":{"start":{"line":3,"column":0},"end":{"line":3,"column":7}},"5":{"start":{"line":11,"column":2},"end":{"line":3,"column":44}},"6":{"start":{"line":4,"column":0},"end":{"line":4,"column":7}},"7":{"start":{"line":12,"column":2},"end":{"line":4,"column":36}},"8":{"start":{"line":5,"column":0},"end":{"line":5,"column":7}},"9":{"start":{"line":13,"column":2},"end":{"line":5,"column":52}},"10":{"start":{"line":6,"column":0},"end":{"line":6,"column":7}},"11":{"start":{"line":14,"column":2},"end":{"line":6,"column":54}}},"fnMap":{},"branchMap":{},"s":{"0":9,"1":9,"2":9,"3":9,"4":9,"5":9,"6":9,"7":9,"8":9,"9":9,"10":9,"11":9},"f":{},"b":{}}
,"/Users/htb/Documents/Code/khmer-lorem/src/util/isNode.ts": {"path":"/Users/htb/Documents/Code/khmer-lorem/src/util/isNode.ts","statementMap":{"0":{"start":{"line":4,"column":15},"end":{"line":6,"column":1}},"1":{"start":{"line":5,"column":2},"end":{"line":5,"column":59}},"2":{"start":{"line":8,"column":0},"end":{"line":8,"column":22}}},"fnMap":{"0":{"name":"(anonymous_0)","decl":{"start":{"line":4,"column":15},"end":{"line":4,"column":27}},"loc":{"start":{"line":4,"column":29},"end":{"line":6,"column":1}}}},"branchMap":{"0":{"loc":{"start":{"line":5,"column":9},"end":{"line":5,"column":38}},"type":"binary-expr","locations":[{"start":{"line":5,"column":9},"end":{"line":5,"column":38}},{"start":{"line":5,"column":42},"end":{"line":5,"column":58}}]}},"s":{"0":9,"1":7,"2":9},"f":{"0":7},"b":{"0":[7,7]}}
,"/Users/htb/Documents/Code/khmer-lorem/src/util/isReactNative.ts": {"path":"/Users/htb/Documents/Code/khmer-lorem/src/util/isReactNative.ts","statementMap":{"0":{"start":{"line":7,"column":22},"end":{"line":17,"column":1}},"1":{"start":{"line":8,"column":37},"end":{"line":8,"column":42}},"2":{"start":{"line":10,"column":2},"end":{"line":14,"column":null}},"3":{"start":{"line":11,"column":4},"end":{"line":11,"column":62}},"4":{"start":{"line":13,"column":4},"end":{"line":13,"column":32}},"5":{"start":{"line":16,"column":2},"end":{"line":16,"column":29}},"6":{"start":{"line":19,"column":0},"end":{"line":19,"column":29}}},"fnMap":{"0":{"name":"(anonymous_0)","decl":{"start":{"line":7,"column":22},"end":{"line":7,"column":34}},"loc":{"start":{"line":7,"column":36},"end":{"line":17,"column":1}}}},"branchMap":{},"s":{"0":9,"1":8,"2":8,"3":8,"4":7,"5":8,"6":9},"f":{"0":8},"b":{}}
,"/Users/htb/Documents/Code/khmer-lorem/src/util/isWindows.ts": {"path":"/Users/htb/Documents/Code/khmer-lorem/src/util/isWindows.ts","statementMap":{"0":{"start":{"line":1,"column":0},"end":{"line":1,"column":61}},"1":{"start":{"line":6,"column":18},"end":{"line":14,"column":1}},"2":{"start":{"line":7,"column":33},"end":{"line":7,"column":38}},"3":{"start":{"line":8,"column":2},"end":{"line":12,"column":null}},"4":{"start":{"line":9,"column":4},"end":{"line":9,"column":69}},"5":{"start":{"line":11,"column":4},"end":{"line":11,"column":28}},"6":{"start":{"line":13,"column":2},"end":{"line":13,"column":25}},"7":{"start":{"line":16,"column":0},"end":{"line":16,"column":25}}},"fnMap":{"0":{"name":"(anonymous_0)","decl":{"start":{"line":6,"column":18},"end":{"line":6,"column":30}},"loc":{"start":{"line":6,"column":32},"end":{"line":14,"column":1}}}},"branchMap":{},"s":{"0":9,"1":9,"2":9,"3":9,"4":9,"5":0,"6":9,"7":9},"f":{"0":9},"b":{}}
,"/Users/htb/Documents/Code/khmer-lorem/src/util/makeArrayOfLength.ts": {"path":"/Users/htb/Documents/Code/khmer-lorem/src/util/makeArrayOfLength.ts","statementMap":{"0":{"start":{"line":5,"column":26},"end":{"line":9,"column":1}},"1":{"start":{"line":6,"column":2},"end":{"line":8,"column":4}},"2":{"start":{"line":7,"column":42},"end":{"line":7,"column":47}},"3":{"start":{"line":11,"column":0},"end":{"line":11,"column":33}}},"fnMap":{"0":{"name":"(anonymous_0)","decl":{"start":{"line":5,"column":26},"end":{"line":5,"column":27}},"loc":{"start":{"line":5,"column":59},"end":{"line":9,"column":1}}},"1":{"name":"(anonymous_1)","decl":{"start":{"line":7,"column":4},"end":{"line":7,"column":5}},"loc":{"start":{"line":7,"column":42},"end":{"line":7,"column":47}}}},"branchMap":{"0":{"loc":{"start":{"line":5,"column":44},"end":{"line":5,"column":45}},"type":"default-arg","locations":[{"start":{"line":5,"column":44},"end":{"line":5,"column":45}}]}},"s":{"0":9,"1":3862,"2":38116,"3":9},"f":{"0":3862,"1":38116},"b":{"0":[1]}}
,"/Users/htb/Documents/Code/khmer-lorem/src/util/makeArrayOfStrings.ts": {"path":"/Users/htb/Documents/Code/khmer-lorem/src/util/makeArrayOfStrings.ts","statementMap":{"0":{"start":{"line":1,"column":0},"end":{"line":1,"column":52}},"1":{"start":{"line":6,"column":27},"end":{"line":12,"column":1}},"2":{"start":{"line":10,"column":14},"end":{"line":10,"column":39}},"3":{"start":{"line":11,"column":2},"end":{"line":11,"column":37}},"4":{"start":{"line":11,"column":23},"end":{"line":11,"column":35}},"5":{"start":{"line":14,"column":0},"end":{"line":14,"column":34}}},"fnMap":{"0":{"name":"(anonymous_1)","decl":{"start":{"line":6,"column":27},"end":{"line":6,"column":null}},"loc":{"start":{"line":9,"column":14},"end":{"line":12,"column":1}}},"1":{"name":"(anonymous_2)","decl":{"start":{"line":11,"column":17},"end":{"line":11,"column":20}},"loc":{"start":{"line":11,"column":23},"end":{"line":11,"column":35}}}},"branchMap":{},"s":{"0":9,"1":9,"2":5,"3":5,"4":18,"5":9},"f":{"0":5,"1":18},"b":{}}
}
