TN:
SF:src/index.ts
FN:28,(anonymous_1)
FNF:1
FNH:1
FNDA:6,(anonymous_1)
DA:1,1
DA:2,1
DA:11,1
DA:13,1
DA:28,1
DA:40,6
DA:53,6
DA:55,6
DA:58,2
DA:61,3
DA:64,0
DA:66,1
DA:70,1
LF:13
LH:12
BRDA:39,0,0,1
BRDA:29,1,0,1
BRDA:30,2,0,6
BRDA:31,3,0,6
BRDA:32,4,0,6
BRDA:34,5,0,6
BRDA:35,6,0,6
BRDA:36,7,0,1
BRDA:37,8,0,6
BRDA:38,9,0,6
BRDA:56,10,0,1
BRDA:56,10,1,2
BRDA:56,10,2,2
BRDA:56,10,3,3
BRDA:56,10,4,0
BRDA:56,10,5,0
BRDA:56,10,6,1
BRF:17
BRH:15
end_of_record
TN:
SF:src/constants/formats.ts
FNF:0
FNH:0
DA:1,2
DA:2,2
DA:3,2
LF:3
LH:3
BRF:0
BRH:0
end_of_record
TN:
SF:src/constants/lineEndings.ts
FNF:0
FNH:0
DA:1,2
LF:1
LH:1
BRF:0
BRH:0
end_of_record
TN:
SF:src/constants/platforms.ts
FNF:0
FNH:0
DA:1,14
LF:1
LH:1
BRF:0
BRH:0
end_of_record
TN:
SF:src/constants/units.ts
FNF:0
FNH:0
DA:1,1
DA:2,1
DA:3,1
DA:4,1
DA:5,1
DA:6,1
DA:7,1
LF:7
LH:7
BRF:0
BRH:0
end_of_record
TN:
SF:src/constants/words.ts
FNF:0
FNH:0
DA:1,3
LF:1
LH:1
BRF:0
BRH:0
end_of_record
TN:
SF:src/lib/LoremIpsum.ts
FN:9,(anonymous_1)
FN:22,(anonymous_2)
FN:34,(anonymous_3)
FN:41,(anonymous_4)
FN:42,(anonymous_5)
FN:45,(anonymous_6)
FN:49,(anonymous_7)
FN:53,(anonymous_8)
FNF:8
FNH:8
FNDA:20,(anonymous_1)
FNDA:7,(anonymous_2)
FNDA:229,(anonymous_3)
FNDA:6,(anonymous_4)
FNDA:22,(anonymous_5)
FNDA:100,(anonymous_6)
FNDA:104,(anonymous_7)
FNDA:3,(anonymous_8)
DA:1,2
DA:2,2
DA:3,2
DA:4,2
DA:11,20
DA:12,20
DA:14,20
DA:15,1
DA:19,19
DA:23,7
DA:24,1
DA:27,6
DA:28,4
DA:31,2
DA:35,229
DA:36,4
DA:38,225
DA:42,22
DA:46,100
DA:50,104
DA:54,3
DA:57,3
DA:63,2
LF:23
LH:23
BRDA:10,0,0,6
BRDA:11,1,0,8
BRDA:14,2,0,1
BRDA:23,3,0,1
BRDA:27,4,0,4
BRDA:27,5,0,6
BRDA:27,5,1,6
BRDA:27,5,2,6
BRDA:35,6,0,4
BRF:9
BRH:9
end_of_record
TN:
SF:src/lib/generator.ts
FN:31,(anonymous_0)
FN:60,(anonymous_1)
FN:64,(anonymous_2)
FN:68,(anonymous_3)
FN:74,(anonymous_4)
FN:78,(anonymous_5)
FN:82,(anonymous_6)
FN:88,(anonymous_7)
FNF:8
FNH:8
FNDA:37,(anonymous_0)
FNDA:38595,(anonymous_1)
FNDA:3633,(anonymous_2)
FNDA:34648,(anonymous_3)
FNDA:3433,(anonymous_4)
FNDA:218,(anonymous_5)
FNDA:3332,(anonymous_6)
FNDA:34648,(anonymous_7)
DA:1,3
DA:2,3
DA:38,37
DA:39,1
DA:46,36
DA:47,1
DA:54,35
DA:55,35
DA:56,35
DA:57,35
DA:61,38595
DA:65,3633
DA:66,3633
DA:67,3633
DA:69,34648
DA:75,3433
DA:79,218
DA:80,218
DA:81,218
DA:83,3332
DA:89,34648
DA:90,34648
DA:91,34648
DA:92,34648
DA:96,3
LF:25
LH:25
BRDA:37,0,0,12
BRDA:32,1,0,28
BRDA:33,2,0,27
BRDA:36,3,0,31
BRDA:38,4,0,1
BRDA:46,5,0,1
BRDA:57,6,0,35
BRDA:57,6,1,34
BRDA:66,7,0,3633
BRDA:66,7,1,3633
BRDA:80,8,0,218
BRDA:80,8,1,213
BRF:12
BRH:12
end_of_record
TN:
SF:src/util/capitalize.ts
FN:5,(anonymous_0)
FNF:1
FNH:1
FNDA:3437,(anonymous_0)
DA:5,9
DA:6,3437
DA:7,3437
DA:10,9
LF:4
LH:4
BRF:0
BRH:0
end_of_record
TN:
SF:src/util/index.ts
FNF:0
FNH:0
DA:1,9
DA:2,9
DA:3,9
DA:4,9
DA:5,9
DA:6,9
DA:9,9
DA:10,9
DA:11,9
DA:12,9
DA:13,9
DA:14,9
LF:12
LH:12
BRF:0
BRH:0
end_of_record
TN:
SF:src/util/isNode.ts
FN:4,(anonymous_0)
FNF:1
FNH:1
FNDA:7,(anonymous_0)
DA:4,9
DA:5,7
DA:8,9
LF:3
LH:3
BRDA:5,0,0,7
BRDA:5,0,1,7
BRF:2
BRH:2
end_of_record
TN:
SF:src/util/isReactNative.ts
FN:7,(anonymous_0)
FNF:1
FNH:1
FNDA:8,(anonymous_0)
DA:7,9
DA:8,8
DA:10,8
DA:11,8
DA:13,7
DA:16,8
DA:19,9
LF:7
LH:7
BRF:0
BRH:0
end_of_record
TN:
SF:src/util/isWindows.ts
FN:6,(anonymous_0)
FNF:1
FNH:1
FNDA:9,(anonymous_0)
DA:1,9
DA:6,9
DA:7,9
DA:8,9
DA:9,9
DA:11,0
DA:13,9
DA:16,9
LF:8
LH:7
BRF:0
BRH:0
end_of_record
TN:
SF:src/util/makeArrayOfLength.ts
FN:5,(anonymous_0)
FN:7,(anonymous_1)
FNF:2
FNH:2
FNDA:3862,(anonymous_0)
FNDA:38116,(anonymous_1)
DA:5,9
DA:6,3862
DA:7,38116
DA:11,9
LF:4
LH:4
BRDA:5,0,0,1
BRF:1
BRH:1
end_of_record
TN:
SF:src/util/makeArrayOfStrings.ts
FN:6,(anonymous_1)
FN:11,(anonymous_2)
FNF:2
FNH:2
FNDA:5,(anonymous_1)
FNDA:18,(anonymous_2)
DA:1,9
DA:6,9
DA:10,5
DA:11,18
DA:14,9
LF:5
LH:5
BRF:0
BRH:0
end_of_record
